<?xml version="1.0" encoding="UTF-8"?>
<!-- Generated by org.testng.reporters.JUnitXMLReporter -->
<testsuite hostname="LAPTOP-SIJK158T" ignored="6" name="Test" tests="4" failures="0" timestamp="05 Jan 2021 00:07:19 GMT" time="28.887" errors="0">
  <testcase name="verifyLogin" time="4.371" classname="testcases.VerifyLogin"/>
  <testcase name="MyAccount" time="7.453" classname="testcases.AddToCart"/>
  <testcase name="MyAccount" time="3.765" classname="testcases.Myaccount"/>
  <testcase name="MyAccount" time="13.025" classname="testcases.OrderComplete"/>
  <testcase name="@BeforeSuite init" time="0.0" classname="Base.BaseClass">
    <ignored/>
  </testcase> <!-- @BeforeSuite init -->
  <testcase name="@BeforeSuite init" time="0.0" classname="Base.BaseClass">
    <ignored/>
  </testcase> <!-- @BeforeSuite init -->
  <testcase name="@BeforeSuite init" time="0.0" classname="Base.BaseClass">
    <ignored/>
  </testcase> <!-- @BeforeSuite init -->
  <testcase name="@AfterSuite tearDown" time="0.0" classname="Base.BaseClass">
    <ignored/>
  </testcase> <!-- @AfterSuite tearDown -->
  <testcase name="@AfterSuite tearDown" time="0.0" classname="Base.BaseClass">
    <ignored/>
  </testcase> <!-- @AfterSuite tearDown -->
  <testcase name="@AfterSuite tearDown" time="0.0" classname="Base.BaseClass">
    <ignored/>
  </testcase> <!-- @AfterSuite tearDown -->
</testsuite> <!-- Test -->
