<?xml version="1.0" encoding="UTF-8"?>
<testsuite xmlns:xsi="http://www.w3.org/2001/XMLSchema-instance" xsi:noNamespaceSchemaLocation="https://maven.apache.org/surefire/maven-surefire-plugin/xsd/surefire-test-report.xsd" name="TestSuite" time="44.253" tests="4" errors="0" skipped="0" failures="0">
  <properties>
[...]
</properties>
  <testcase name="verifyLogin" classname="testcases.VerifyLogin" time="4.368"/>
  <testcase name="MyAccount" classname="testcases.AddToCart" time="7.45"/>
  <testcase name="MyAccount" classname="testcases.Myaccount" time="3.765"/>
  <testcase name="MyAccount" classname="testcases.OrderComplete" time="13.025"/>
</testsuite>