<?xml version="1.0" encoding="UTF-8"?>
<testng-results skipped="0" failed="0" ignored="6" total="10" passed="4">
  <reporter-output>
  </reporter-output>
  <suite name="Suite" duration-ms="28887" started-at="2021-01-05T00:06:50Z" finished-at="2021-01-05T00:07:19Z">
    <groups>
    </groups>
    <test name="Test" duration-ms="28887" started-at="2021-01-05T00:06:50Z" finished-at="2021-01-05T00:07:19Z">
      <class name="testcases.OrderComplete">
        <test-method status="PASS" signature="MyAccount()[pri:0, instance:testcases.OrderComplete@61dd025]" name="MyAccount" duration-ms="13025" started-at="2021-01-04T19:07:06Z" finished-at="2021-01-04T19:07:19Z">
          <reporter-output>
          </reporter-output>
        </test-method> <!-- MyAccount -->
      </class> <!-- testcases.OrderComplete -->
      <class name="testcases.Myaccount">
        <test-method status="PASS" signature="MyAccount()[pri:0, instance:testcases.Myaccount@147ed70f]" name="MyAccount" duration-ms="3765" started-at="2021-01-04T19:07:02Z" finished-at="2021-01-04T19:07:06Z">
          <reporter-output>
          </reporter-output>
        </test-method> <!-- MyAccount -->
      </class> <!-- testcases.Myaccount -->
      <class name="testcases.VerifyLogin">
        <test-method status="PASS" signature="init()[pri:0, instance:testcases.VerifyLogin@2f177a4b]" name="init" is-config="true" duration-ms="11092" started-at="2021-01-04T19:06:39Z" finished-at="2021-01-04T19:06:50Z">
          <reporter-output>
          </reporter-output>
        </test-method> <!-- init -->
        <test-method status="PASS" signature="verifyLogin()[pri:0, instance:testcases.VerifyLogin@2f177a4b]" name="verifyLogin" duration-ms="4371" started-at="2021-01-04T19:06:50Z" finished-at="2021-01-04T19:06:55Z">
          <reporter-output>
          </reporter-output>
        </test-method> <!-- verifyLogin -->
        <test-method status="PASS" signature="tearDown()[pri:0, instance:testcases.VerifyLogin@2f177a4b]" name="tearDown" is-config="true" duration-ms="771" started-at="2021-01-04T19:07:19Z" finished-at="2021-01-04T19:07:20Z">
          <reporter-output>
          </reporter-output>
        </test-method> <!-- tearDown -->
      </class> <!-- testcases.VerifyLogin -->
      <class name="testcases.AddToCart">
        <test-method status="PASS" signature="MyAccount()[pri:0, instance:testcases.AddToCart@4278a03f]" name="MyAccount" duration-ms="7453" started-at="2021-01-04T19:06:55Z" finished-at="2021-01-04T19:07:02Z">
          <reporter-output>
          </reporter-output>
        </test-method> <!-- MyAccount -->
      </class> <!-- testcases.AddToCart -->
    </test> <!-- Test -->
  </suite> <!-- Suite -->
</testng-results>
